<?xml version="1.0" encoding="UTF-8"?>
<!-- Generated by org.testng.reporters.JUnitXMLReporter -->
<testsuite ignored="0" hostname="DESKTOP-6GA8F07" failures="1" tests="1" name="Reg" time="0.118" errors="0" timestamp="2025-02-22T11:24:53 IST">
  <testcase classname="testNgPractice.DemoE" name="shopping" time="0.041">
    <failure type="java.lang.AssertionError" message="The following asserts failed:
	testValidateTitle failed  expected [Prod] but found [Prod1]">
      <![CDATA[java.lang.AssertionError: The following asserts failed:
testValidateTitle failed  expected [Prod] but found [Prod1]
at testNgPractice.DemoE.shopping(DemoE.java:26)
at java.base/java.util.ArrayList.forEach(ArrayList.java:1511)
... Removed 29 stack frames]]>
    </failure>
  </testcase> <!-- shopping -->
</testsuite> <!-- Reg -->
