<?xml version="1.0" encoding="UTF-8"?>
<testng-results ignored="0" total="1" passed="0" failed="1" skipped="0">
  <reporter-output>
    <line>
      <![CDATA[Test case START ---------------------]]>
    </line>
    <line>
      <![CDATA[Tile validation completed]]>
    </line>
    <line>
      <![CDATA[<a href='file:///C:/Users/User/Desktop/vinay/Selenium4Arch.png'><img src='file:///C:/Users/User/Desktop/vinay/Selenium4Arch.png' height=100 widht=100></a>]]>
    </line>
    <line>
      <![CDATA[Test case FAILED ---------------------]]>
    </line>
  </reporter-output>
  <suite started-at="2025-02-22T11:24:53 IST" name="Suite" finished-at="2025-02-22T11:24:53 IST" duration-ms="118">
    <groups>
    </groups>
    <test started-at="2025-02-22T11:24:53 IST" name="Reg" finished-at="2025-02-22T11:24:53 IST" duration-ms="118">
      <class name="testNgPractice.DemoE">
        <test-method signature="shopping()[pri:1, instance:testNgPractice.DemoE@6c1a5b54]" started-at="2025-02-22T11:24:53 IST" name="shopping" finished-at="2025-02-22T11:24:53 IST" duration-ms="41" status="FAIL">
          <exception class="java.lang.AssertionError">
            <message>
              <![CDATA[The following asserts failed:
testValidateTitle failed  expected [Prod] but found [Prod1]]]>
            </message>
            <full-stacktrace>
              <![CDATA[java.lang.AssertionError: The following asserts failed:
testValidateTitle failed  expected [Prod] but found [Prod1]
at org.testng.asserts.SoftAssert.assertAll(SoftAssert.java:46)
at org.testng.asserts.SoftAssert.assertAll(SoftAssert.java:30)
at testNgPractice.DemoE.shopping(DemoE.java:26)
at java.base/jdk.internal.reflect.NativeMethodAccessorImpl.invoke0(Native Method)
at java.base/jdk.internal.reflect.NativeMethodAccessorImpl.invoke(NativeMethodAccessorImpl.java:77)
at java.base/jdk.internal.reflect.DelegatingMethodAccessorImpl.invoke(DelegatingMethodAccessorImpl.java:43)
at java.base/java.lang.reflect.Method.invoke(Method.java:568)
at org.testng.internal.invokers.MethodInvocationHelper.invokeMethod(MethodInvocationHelper.java:141)
at org.testng.internal.invokers.TestInvoker.invokeMethod(TestInvoker.java:686)
at org.testng.internal.invokers.TestInvoker.invokeTestMethod(TestInvoker.java:230)
at org.testng.internal.invokers.MethodRunner.runInSequence(MethodRunner.java:63)
at org.testng.internal.invokers.TestInvoker$MethodInvocationAgent.invoke(TestInvoker.java:992)
at org.testng.internal.invokers.TestInvoker.invokeTestMethods(TestInvoker.java:203)
at org.testng.internal.invokers.TestMethodWorker.invokeTestMethods(TestMethodWorker.java:154)
at org.testng.internal.invokers.TestMethodWorker.run(TestMethodWorker.java:134)
at java.base/java.util.ArrayList.forEach(ArrayList.java:1511)
at org.testng.TestRunner.privateRun(TestRunner.java:739)
at org.testng.TestRunner.run(TestRunner.java:614)
at org.testng.SuiteRunner.runTest(SuiteRunner.java:421)
at org.testng.SuiteRunner.runSequentially(SuiteRunner.java:413)
at org.testng.SuiteRunner.privateRun(SuiteRunner.java:373)
at org.testng.SuiteRunner.run(SuiteRunner.java:312)
at org.testng.SuiteRunnerWorker.runSuite(SuiteRunnerWorker.java:52)
at org.testng.SuiteRunnerWorker.run(SuiteRunnerWorker.java:95)
at org.testng.TestNG.runSuitesSequentially(TestNG.java:1274)
at org.testng.TestNG.runSuitesLocally(TestNG.java:1208)
at org.testng.TestNG.runSuites(TestNG.java:1112)
at org.testng.TestNG.run(TestNG.java:1079)
at org.testng.remote.AbstractRemoteTestNG.run(AbstractRemoteTestNG.java:115)
at org.testng.remote.RemoteTestNG.initAndRun(RemoteTestNG.java:293)
at org.testng.remote.RemoteTestNG.main(RemoteTestNG.java:91)
]]>
            </full-stacktrace>
          </exception> <!-- java.lang.AssertionError -->
          <reporter-output>
            <line>
              <![CDATA[Test case START ---------------------]]>
            </line>
            <line>
              <![CDATA[Tile validation completed]]>
            </line>
            <line>
              <![CDATA[<a href='file:///C:/Users/User/Desktop/vinay/Selenium4Arch.png'><img src='file:///C:/Users/User/Desktop/vinay/Selenium4Arch.png' height=100 widht=100></a>]]>
            </line>
            <line>
              <![CDATA[Test case FAILED ---------------------]]>
            </line>
          </reporter-output>
        </test-method> <!-- shopping -->
      </class> <!-- testNgPractice.DemoE -->
    </test> <!-- Reg -->
  </suite> <!-- Suite -->
</testng-results>
